2015-01-07 23:56:24.250 HelloWorld[3233:172625] DiskCookieStorage changing policy from 2 to 0, cookie file: file:///Users/douglasdeodato/Library/Developer/CoreSimulator/Devices/46AB09A5-15A6-41B4-9A1A-2A70462F19C6/data/Containers/Data/Application/591D093A-21AA-4FFA-B412-52E9669D998A/Library/Cookies/Cookies.binarycookies
2015-01-07 23:56:24.699 HelloWorld[3233:172625] Apache Cordova native platform version 3.7.0 is starting.
2015-01-07 23:56:24.700 HelloWorld[3233:172625] Multi-tasking -> Device: YES, App: YES
2015-01-07 23:56:24.721 HelloWorld[3233:172625] Unlimited access to network resources
2015-01-07 23:56:24.746 HelloWorld[3233:172625] 

Started backup to iCloud! Please be careful.
Your application might be rejected by Apple if you store too much data.
For more information please read "iOS Data Storage Guidelines" at:
https://developer.apple.com/icloud/documentation/data-storage/
To disable web storage backup to iCloud, set the BackupWebStorage preference to "local" in the Cordova config.xml file

2015-01-07 23:56:27.389 HelloWorld[3233:172625] Resetting plugins due to page load.
2015-01-07 23:56:27.736 HelloWorld[3233:172625] Finished load of: file:///Users/douglasdeodato/Library/Developer/CoreSimulator/Devices/46AB09A5-15A6-41B4-9A1A-2A70462F19C6/data/Containers/Bundle/Application/DB1E1E3D-58FC-4D5A-A617-0B17B3BC3FAD/HelloWorld.app/www/index.html
2015-01-08 00:00:49.336 HelloWorld[3439:174956] DiskCookieStorage changing policy from 2 to 0, cookie file: file:///Users/douglasdeodato/Library/Developer/CoreSimulator/Devices/46AB09A5-15A6-41B4-9A1A-2A70462F19C6/data/Containers/Data/Application/BF39551A-50D3-4345-8F52-73E2D037B5E1/Library/Cookies/Cookies.binarycookies
2015-01-08 00:00:49.486 HelloWorld[3439:174956] Apache Cordova native platform version 3.7.0 is starting.
2015-01-08 00:00:49.487 HelloWorld[3439:174956] Multi-tasking -> Device: YES, App: YES
2015-01-08 00:00:49.489 HelloWorld[3439:174956] Unlimited access to network resources
2015-01-08 00:00:49.494 HelloWorld[3439:174956] 

Started backup to iCloud! Please be careful.
Your application might be rejected by Apple if you store too much data.
For more information please read "iOS Data Storage Guidelines" at:
https://developer.apple.com/icloud/documentation/data-storage/
To disable web storage backup to iCloud, set the BackupWebStorage preference to "local" in the Cordova config.xml file

2015-01-08 00:00:50.058 HelloWorld[3439:174956] Resetting plugins due to page load.
2015-01-08 00:00:50.194 HelloWorld[3439:174956] Finished load of: file:///Users/douglasdeodato/Library/Developer/CoreSimulator/Devices/46AB09A5-15A6-41B4-9A1A-2A70462F19C6/data/Containers/Bundle/Application/B7D068B1-E397-4D51-8E4D-AD36BD61B4E9/HelloWorld.app/www/index.html
2015-01-08 00:06:34.832 HelloWorld[3658:177731] DiskCookieStorage changing policy from 2 to 0, cookie file: file:///Users/douglasdeodato/Library/Developer/CoreSimulator/Devices/46AB09A5-15A6-41B4-9A1A-2A70462F19C6/data/Containers/Data/Application/65E9CD59-8424-4048-888F-21316D17FB0E/Library/Cookies/Cookies.binarycookies
2015-01-08 00:06:34.989 HelloWorld[3658:177731] Apache Cordova native platform version 3.7.0 is starting.
2015-01-08 00:06:34.990 HelloWorld[3658:177731] Multi-tasking -> Device: YES, App: YES
2015-01-08 00:06:34.997 HelloWorld[3658:177731] Unlimited access to network resources
2015-01-08 00:06:35.004 HelloWorld[3658:177731] 

Started backup to iCloud! Please be careful.
Your application might be rejected by Apple if you store too much data.
For more information please read "iOS Data Storage Guidelines" at:
https://developer.apple.com/icloud/documentation/data-storage/
To disable web storage backup to iCloud, set the BackupWebStorage preference to "local" in the Cordova config.xml file

2015-01-08 00:06:35.588 HelloWorld[3658:177731] Resetting plugins due to page load.
2015-01-08 00:06:35.847 HelloWorld[3658:177731] Finished load of: file:///Users/douglasdeodato/Library/Developer/CoreSimulator/Devices/46AB09A5-15A6-41B4-9A1A-2A70462F19C6/data/Containers/Bundle/Application/A28B2D47-D48E-48BE-8810-7439F81F8248/HelloWorld.app/www/index.html
